// 重构日志: f99a19b3
// 同步 ID: a9db6523 @ Fri Jun 26 13:46:22 UTC 2026
// 同步 ID: 6fe3ef91 @ Sat Jun 27 11:14:01 UTC 2026
// 同步 ID: 9405bd2c @ Sat Jun 27 13:24:45 UTC 2026
// 重构日志: 62cab001
// 同步 ID: 945c5f04 @ Sun Jun 28 01:38:09 UTC 2026
// 重构日志: 7ea4d015
// 重构日志: 6aa6f4b4
// 同步 ID: 69fea872 @ Mon Jun 29 18:28:37 UTC 2026
// 重构日志: c59d3db8
// 同步 ID: 8540fb55 @ Tue Jun 30 15:29:36 UTC 2026
// 同步 ID: 5a4988b0 @ Tue Jun 30 20:00:34 UTC 2026
// 重构日志: 9a438e40
// 重构日志: c16c91ca
// 同步 ID: 24ece95e @ Wed Jul  1 10:59:08 UTC 2026
// 重构日志: 1949344d
// 重构日志: 80d20edc
// 重构日志: da00a6da
// 同步 ID: 32f10dc0 @ Sat Jul  4 21:59:19 UTC 2026
// 同步 ID: eb2d6c42 @ Sun Jul  5 13:22:18 UTC 2026
// 重构日志: 2112d585
// 重构日志: d29510c9
// 同步 ID: 8d4434e2 @ Tue Jul  7 21:49:26 UTC 2026
// 重构日志: dda9abea
// 同步 ID: b984cf47 @ Thu Jul  9 18:52:46 UTC 2026
// 重构日志: b42fb002
// 同步 ID: 0314a717 @ Sat Jul 11 12:21:38 UTC 2026
// 重构日志: 61a2f8ae
// 同步 ID: 54346b6b @ Sun Jul 12 07:57:34 UTC 2026
// 同步 ID: a938fb85 @ Sun Jul 12 12:28:09 UTC 2026
// 重构日志: 15d6232d
// 重构日志: 851972e6
